<?xml version="1.0" encoding="UTF-8"?>
<testsuite name="ASESpaghettiCode.PostServer.Controller.CommentControllerTest" tests="4" skipped="0" failures="0" errors="0" timestamp="2023-04-27T14:45:45" hostname="DESKTOP-DP4LJM3" time="0.393">
  <properties/>
  <testcase name="deleteCommentTest()" classname="ASESpaghettiCode.PostServer.Controller.CommentControllerTest" time="0.147"/>
  <testcase name="createCommentForAGivenNoteTest()" classname="ASESpaghettiCode.PostServer.Controller.CommentControllerTest" time="0.209"/>
  <testcase name="getCommentsByNoteIdTest()" classname="ASESpaghettiCode.PostServer.Controller.CommentControllerTest" time="0.02"/>
  <testcase name="updateCommentTest()" classname="ASESpaghettiCode.PostServer.Controller.CommentControllerTest" time="0.01"/>
  <system-out><![CDATA[16:45:41.373 [Test worker] DEBUG org.springframework.test.context.BootstrapUtils - Instantiating CacheAwareContextLoaderDelegate from class [org.springframework.test.context.cache.DefaultCacheAwareContextLoaderDelegate]
16:45:41.420 [Test worker] DEBUG org.springframework.test.context.BootstrapUtils - Instantiating BootstrapContext using constructor [public org.springframework.test.context.support.DefaultBootstrapContext(java.lang.Class,org.springframework.test.context.CacheAwareContextLoaderDelegate)]
16:45:41.531 [Test worker] DEBUG org.springframework.test.context.BootstrapUtils - Instantiating TestContextBootstrapper for test class [ASESpaghettiCode.PostServer.Controller.CommentControllerTest] from class [org.springframework.boot.test.autoconfigure.web.servlet.WebMvcTestContextBootstrapper]
16:45:41.572 [Test worker] INFO org.springframework.boot.test.autoconfigure.web.servlet.WebMvcTestContextBootstrapper - Neither @ContextConfiguration nor @ContextHierarchy found for test class [ASESpaghettiCode.PostServer.Controller.CommentControllerTest], using SpringBootContextLoader
16:45:41.585 [Test worker] DEBUG org.springframework.test.context.support.AbstractContextLoader - Did not detect default resource location for test class [ASESpaghettiCode.PostServer.Controller.CommentControllerTest]: class path resource [ASESpaghettiCode/PostServer/Controller/CommentControllerTest-context.xml] does not exist
16:45:41.587 [Test worker] DEBUG org.springframework.test.context.support.AbstractContextLoader - Did not detect default resource location for test class [ASESpaghettiCode.PostServer.Controller.CommentControllerTest]: class path resource [ASESpaghettiCode/PostServer/Controller/CommentControllerTestContext.groovy] does not exist
16:45:41.587 [Test worker] INFO org.springframework.test.context.support.AbstractContextLoader - Could not detect default resource locations for test class [ASESpaghettiCode.PostServer.Controller.CommentControllerTest]: no resource found for suffixes {-context.xml, Context.groovy}.
16:45:41.588 [Test worker] INFO org.springframework.test.context.support.AnnotationConfigContextLoaderUtils - Could not detect default configuration classes for test class [ASESpaghettiCode.PostServer.Controller.CommentControllerTest]: CommentControllerTest does not declare any static, non-private, non-final, nested classes annotated with @Configuration.
16:45:41.753 [Test worker] DEBUG org.springframework.test.context.support.ActiveProfilesUtils - Could not find an 'annotation declaring class' for annotation type [org.springframework.test.context.ActiveProfiles] and class [ASESpaghettiCode.PostServer.Controller.CommentControllerTest]
16:45:41.901 [Test worker] DEBUG org.springframework.context.annotation.ClassPathScanningCandidateComponentProvider - Identified candidate component class: file [F:\ASE\Plan2Go-post-server\build\classes\java\main\ASESpaghettiCode\PostServer\PostServerApplication.class]
16:45:41.902 [Test worker] INFO org.springframework.boot.test.context.SpringBootTestContextBootstrapper - Found @SpringBootConfiguration ASESpaghettiCode.PostServer.PostServerApplication for test class ASESpaghettiCode.PostServer.Controller.CommentControllerTest
16:45:41.908 [Test worker] DEBUG org.springframework.boot.test.autoconfigure.web.servlet.WebMvcTestContextBootstrapper - @TestExecutionListeners is not present for class [ASESpaghettiCode.PostServer.Controller.CommentControllerTest]: using defaults.
16:45:41.910 [Test worker] INFO org.springframework.boot.test.autoconfigure.web.servlet.WebMvcTestContextBootstrapper - Loaded default TestExecutionListener class names from location [META-INF/spring.factories]: [org.springframework.boot.test.autoconfigure.restdocs.RestDocsTestExecutionListener, org.springframework.boot.test.autoconfigure.web.client.MockRestServiceServerResetTestExecutionListener, org.springframework.boot.test.autoconfigure.web.servlet.MockMvcPrintOnlyOnFailureTestExecutionListener, org.springframework.boot.test.autoconfigure.web.servlet.WebDriverTestExecutionListener, org.springframework.boot.test.autoconfigure.webservices.client.MockWebServiceServerTestExecutionListener, org.springframework.boot.test.mock.mockito.MockitoTestExecutionListener, org.springframework.boot.test.mock.mockito.ResetMocksTestExecutionListener, org.springframework.test.context.web.ServletTestExecutionListener, org.springframework.test.context.support.DirtiesContextBeforeModesTestExecutionListener, org.springframework.test.context.event.ApplicationEventsTestExecutionListener, org.springframework.test.context.support.DependencyInjectionTestExecutionListener, org.springframework.test.context.support.DirtiesContextTestExecutionListener, org.springframework.test.context.transaction.TransactionalTestExecutionListener, org.springframework.test.context.jdbc.SqlScriptsTestExecutionListener, org.springframework.test.context.event.EventPublishingTestExecutionListener]
16:45:41.947 [Test worker] INFO org.springframework.boot.test.autoconfigure.web.servlet.WebMvcTestContextBootstrapper - Using TestExecutionListeners: [org.springframework.test.context.web.ServletTestExecutionListener@4f0cab0a, org.springframework.test.context.support.DirtiesContextBeforeModesTestExecutionListener@fe7b6b0, org.springframework.test.context.event.ApplicationEventsTestExecutionListener@7ab4ae59, org.springframework.boot.test.mock.mockito.MockitoTestExecutionListener@77681ce4, org.springframework.boot.test.autoconfigure.SpringBootDependencyInjectionTestExecutionListener@5d96bdf8, org.springframework.test.context.support.DirtiesContextTestExecutionListener@6f76c2cc, org.springframework.test.context.transaction.TransactionalTestExecutionListener@306f6f1d, org.springframework.test.context.jdbc.SqlScriptsTestExecutionListener@7d7cac8, org.springframework.test.context.event.EventPublishingTestExecutionListener@6fc6deb7, org.springframework.boot.test.autoconfigure.restdocs.RestDocsTestExecutionListener@367f0121, org.springframework.boot.test.autoconfigure.web.client.MockRestServiceServerResetTestExecutionListener@7da39774, org.springframework.boot.test.autoconfigure.web.servlet.MockMvcPrintOnlyOnFailureTestExecutionListener@441b8382, org.springframework.boot.test.autoconfigure.web.servlet.WebDriverTestExecutionListener@1df1ced0, org.springframework.boot.test.autoconfigure.webservices.client.MockWebServiceServerTestExecutionListener@5349b246, org.springframework.boot.test.mock.mockito.ResetMocksTestExecutionListener@32b0876c]
16:45:41.957 [Test worker] DEBUG org.springframework.test.context.support.AbstractDirtiesContextTestExecutionListener - Before test class: context [DefaultTestContext@4860827a testClass = CommentControllerTest, testInstance = [null], testMethod = [null], testException = [null], mergedContextConfiguration = [WebMergedContextConfiguration@404db674 testClass = CommentControllerTest, locations = '{}', classes = '{class ASESpaghettiCode.PostServer.PostServerApplication}', contextInitializerClasses = '[]', activeProfiles = '{}', propertySourceLocations = '{}', propertySourceProperties = '{org.springframework.boot.test.autoconfigure.web.servlet.WebMvcTestContextBootstrapper=true}', contextCustomizers = set[org.springframework.boot.test.autoconfigure.OverrideAutoConfigurationContextCustomizerFactory$DisableAutoConfigurationContextCustomizer@7c129ef6, org.springframework.boot.test.autoconfigure.actuate.metrics.MetricsExportContextCustomizerFactory$DisableMetricExportContextCustomizer@1a28b346, org.springframework.boot.test.autoconfigure.filter.TypeExcludeFiltersContextCustomizer@80e2364, org.springframework.boot.test.autoconfigure.properties.PropertyMappingContextCustomizer@300dccb0, org.springframework.boot.test.autoconfigure.web.servlet.WebDriverContextCustomizerFactory$Customizer@2650f79, [ImportsContextCustomizer@50f097b5 key = [org.springframework.boot.autoconfigure.cache.CacheAutoConfiguration, org.springframework.boot.autoconfigure.context.MessageSourceAutoConfiguration, org.springframework.boot.autoconfigure.data.web.SpringDataWebAutoConfiguration, org.springframework.boot.autoconfigure.freemarker.FreeMarkerAutoConfiguration, org.springframework.boot.autoconfigure.groovy.template.GroovyTemplateAutoConfiguration, org.springframework.boot.autoconfigure.gson.GsonAutoConfiguration, org.springframework.boot.autoconfigure.hateoas.HypermediaAutoConfiguration, org.springframework.boot.autoconfigure.http.HttpMessageConvertersAutoConfiguration, org.springframework.boot.autoconfigure.jackson.JacksonAutoConfiguration, org.springframework.boot.autoconfigure.jsonb.JsonbAutoConfiguration, org.springframework.boot.autoconfigure.mustache.MustacheAutoConfiguration, org.springframework.boot.autoconfigure.task.TaskExecutionAutoConfiguration, org.springframework.boot.autoconfigure.thymeleaf.ThymeleafAutoConfiguration, org.springframework.boot.autoconfigure.validation.ValidationAutoConfiguration, org.springframework.boot.autoconfigure.web.servlet.error.ErrorMvcAutoConfiguration, org.springframework.boot.autoconfigure.web.servlet.HttpEncodingAutoConfiguration, org.springframework.boot.autoconfigure.web.servlet.WebMvcAutoConfiguration, org.springframework.boot.test.autoconfigure.web.servlet.MockMvcAutoConfiguration, org.springframework.boot.test.autoconfigure.web.servlet.MockMvcWebClientAutoConfiguration, org.springframework.boot.test.autoconfigure.web.servlet.MockMvcWebDriverAutoConfiguration, org.springframework.boot.autoconfigure.security.oauth2.client.servlet.OAuth2ClientAutoConfiguration, org.springframework.boot.autoconfigure.security.oauth2.resource.servlet.OAuth2ResourceServerAutoConfiguration, org.springframework.boot.autoconfigure.security.servlet.SecurityAutoConfiguration, org.springframework.boot.autoconfigure.security.servlet.SecurityFilterAutoConfiguration, org.springframework.boot.autoconfigure.security.servlet.UserDetailsServiceAutoConfiguration, org.springframework.boot.test.autoconfigure.web.servlet.MockMvcSecurityConfiguration, org.springframework.boot.test.autoconfigure.web.reactive.WebTestClientAutoConfiguration]], org.springframework.boot.test.context.filter.ExcludeFilterContextCustomizer@41522537, org.springframework.boot.test.json.DuplicateJsonObjectContextCustomizerFactory$DuplicateJsonObjectContextCustomizer@43b40233, org.springframework.boot.test.mock.mockito.MockitoContextCustomizer@ab0f2cfe, org.springframework.boot.test.context.SpringBootTestArgs@1, org.springframework.boot.test.context.SpringBootTestWebEnvironment@0], resourceBasePath = 'src/main/webapp', contextLoader = 'org.springframework.boot.test.context.SpringBootContextLoader', parent = [null]], attributes = map[[empty]]], class annotated with @DirtiesContext [false] with mode [null].

  .   ____          _            __ _ _
 /\\ / ___'_ __ _ _(_)_ __  __ _ \ \ \ \
( ( )\___ | '_ | '_| | '_ \/ _` | \ \ \ \
 \\/  ___)| |_)| | | | | || (_| |  ) ) ) )
  '  |____| .__|_| |_|_| |_\__, | / / / /
 =========|_|==============|___/=/_/_/_/
 :: Spring Boot ::                (v2.7.9)

2023-04-27 16:45:42.741  INFO 13088 --- [    Test worker] A.P.Controller.CommentControllerTest     : Starting CommentControllerTest using Java 15.0.2 on DESKTOP-DP4LJM3 with PID 13088 (started by Guan in F:\ASE\Plan2Go-post-server)
2023-04-27 16:45:42.744  INFO 13088 --- [    Test worker] A.P.Controller.CommentControllerTest     : No active profile set, falling back to 1 default profile: "default"
2023-04-27 16:45:45.789  INFO 13088 --- [    Test worker] o.s.b.t.m.w.SpringBootMockServletContext : Initializing Spring TestDispatcherServlet ''
2023-04-27 16:45:45.789  INFO 13088 --- [    Test worker] o.s.t.web.servlet.TestDispatcherServlet  : Initializing Servlet ''
2023-04-27 16:45:45.791  INFO 13088 --- [    Test worker] o.s.t.web.servlet.TestDispatcherServlet  : Completed initialization in 2 ms
2023-04-27 16:45:45.832  INFO 13088 --- [    Test worker] A.P.Controller.CommentControllerTest     : Started CommentControllerTest in 3.769 seconds (JVM running for 6.15)
]]></system-out>
  <system-err><![CDATA[]]></system-err>
</testsuite>
