<?xml version="1.0" encoding="UTF-8"?>
<testsuite name="ASESpaghettiCode.PostServer.Service.CommentServiceTest" tests="9" skipped="0" failures="0" errors="0" timestamp="2023-04-29T23:43:14" hostname="DESKTOP-DP4LJM3" time="0.13">
  <properties/>
  <testcase name="updateCommentTest_Unauthorized()" classname="ASESpaghettiCode.PostServer.Service.CommentServiceTest" time="0.013"/>
  <testcase name="findCommentsByPostIdTest_Success()" classname="ASESpaghettiCode.PostServer.Service.CommentServiceTest" time="0.009"/>
  <testcase name="updateCommentTest_NoComment()" classname="ASESpaghettiCode.PostServer.Service.CommentServiceTest" time="0.004"/>
  <testcase name="deleteCommentTest_NoComment()" classname="ASESpaghettiCode.PostServer.Service.CommentServiceTest" time="0.003"/>
  <testcase name="deleteCommentTest_Unauthorized()" classname="ASESpaghettiCode.PostServer.Service.CommentServiceTest" time="0.003"/>
  <testcase name="deleteCommentTest_Success()" classname="ASESpaghettiCode.PostServer.Service.CommentServiceTest" time="0.027"/>
  <testcase name="deleteCommentTest_NoPost()" classname="ASESpaghettiCode.PostServer.Service.CommentServiceTest" time="0.004"/>
  <testcase name="updateCommentTest_Success()" classname="ASESpaghettiCode.PostServer.Service.CommentServiceTest" time="0.003"/>
  <testcase name="findCommentsByPostIdTest_Fail()" classname="ASESpaghettiCode.PostServer.Service.CommentServiceTest" time="0.002"/>
  <system-out><![CDATA[]]></system-out>
  <system-err><![CDATA[]]></system-err>
</testsuite>
