<?xml version="1.0" encoding="UTF-8"?>
<testsuite name="ASESpaghettiCode.PostServer.Controller.PostControllerTest" tests="10" skipped="0" failures="0" errors="0" timestamp="2023-04-29T23:43:13" hostname="DESKTOP-DP4LJM3" time="0.248">
  <properties/>
  <testcase name="getPostByIdTest()" classname="ASESpaghettiCode.PostServer.Controller.PostControllerTest" time="0.029"/>
  <testcase name="findAllPostTest()" classname="ASESpaghettiCode.PostServer.Controller.PostControllerTest" time="0.019"/>
  <testcase name="findFollowingNotesTest()" classname="ASESpaghettiCode.PostServer.Controller.PostControllerTest" time="0.034"/>
  <testcase name="createNoteTest()" classname="ASESpaghettiCode.PostServer.Controller.PostControllerTest" time="0.038"/>
  <testcase name="userLikesNoteTest()" classname="ASESpaghettiCode.PostServer.Controller.PostControllerTest" time="0.022"/>
  <testcase name="userUnlikesNoteTest()" classname="ASESpaghettiCode.PostServer.Controller.PostControllerTest" time="0.012"/>
  <testcase name="deleteNoteTest()" classname="ASESpaghettiCode.PostServer.Controller.PostControllerTest" time="0.014"/>
  <testcase name="updateNote()" classname="ASESpaghettiCode.PostServer.Controller.PostControllerTest" time="0.018"/>
  <testcase name="getPostByUserIdTest()" classname="ASESpaghettiCode.PostServer.Controller.PostControllerTest" time="0.014"/>
  <testcase name="whetherUserLikesPostTest()" classname="ASESpaghettiCode.PostServer.Controller.PostControllerTest" time="0.014"/>
  <system-out><![CDATA[2023-04-30 01:43:12.468  INFO 16716 --- [    Test worker] .b.t.a.w.s.WebMvcTestContextBootstrapper : Neither @ContextConfiguration nor @ContextHierarchy found for test class [ASESpaghettiCode.PostServer.Controller.PostControllerTest], using SpringBootContextLoader
2023-04-30 01:43:12.470  INFO 16716 --- [    Test worker] o.s.t.c.support.AbstractContextLoader    : Could not detect default resource locations for test class [ASESpaghettiCode.PostServer.Controller.PostControllerTest]: no resource found for suffixes {-context.xml, Context.groovy}.
2023-04-30 01:43:12.471  INFO 16716 --- [    Test worker] t.c.s.AnnotationConfigContextLoaderUtils : Could not detect default configuration classes for test class [ASESpaghettiCode.PostServer.Controller.PostControllerTest]: PostControllerTest does not declare any static, non-private, non-final, nested classes annotated with @Configuration.
2023-04-30 01:43:12.500  INFO 16716 --- [    Test worker] .b.t.c.SpringBootTestContextBootstrapper : Found @SpringBootConfiguration ASESpaghettiCode.PostServer.PostServerApplication for test class ASESpaghettiCode.PostServer.Controller.PostControllerTest
2023-04-30 01:43:12.502  INFO 16716 --- [    Test worker] .b.t.a.w.s.WebMvcTestContextBootstrapper : Loaded default TestExecutionListener class names from location [META-INF/spring.factories]: [org.springframework.boot.test.autoconfigure.restdocs.RestDocsTestExecutionListener, org.springframework.boot.test.autoconfigure.web.client.MockRestServiceServerResetTestExecutionListener, org.springframework.boot.test.autoconfigure.web.servlet.MockMvcPrintOnlyOnFailureTestExecutionListener, org.springframework.boot.test.autoconfigure.web.servlet.WebDriverTestExecutionListener, org.springframework.boot.test.autoconfigure.webservices.client.MockWebServiceServerTestExecutionListener, org.springframework.boot.test.mock.mockito.MockitoTestExecutionListener, org.springframework.boot.test.mock.mockito.ResetMocksTestExecutionListener, org.springframework.test.context.web.ServletTestExecutionListener, org.springframework.test.context.support.DirtiesContextBeforeModesTestExecutionListener, org.springframework.test.context.event.ApplicationEventsTestExecutionListener, org.springframework.test.context.support.DependencyInjectionTestExecutionListener, org.springframework.test.context.support.DirtiesContextTestExecutionListener, org.springframework.test.context.transaction.TransactionalTestExecutionListener, org.springframework.test.context.jdbc.SqlScriptsTestExecutionListener, org.springframework.test.context.event.EventPublishingTestExecutionListener]
2023-04-30 01:43:12.504  INFO 16716 --- [    Test worker] .b.t.a.w.s.WebMvcTestContextBootstrapper : Using TestExecutionListeners: [org.springframework.test.context.web.ServletTestExecutionListener@62808e8d, org.springframework.test.context.support.DirtiesContextBeforeModesTestExecutionListener@5c26ab0a, org.springframework.test.context.event.ApplicationEventsTestExecutionListener@774f2d7f, org.springframework.boot.test.mock.mockito.MockitoTestExecutionListener@6ddd71cc, org.springframework.boot.test.autoconfigure.SpringBootDependencyInjectionTestExecutionListener@b4f7e1c, org.springframework.test.context.support.DirtiesContextTestExecutionListener@6258ea84, org.springframework.test.context.transaction.TransactionalTestExecutionListener@6c720765, org.springframework.test.context.jdbc.SqlScriptsTestExecutionListener@6a275836, org.springframework.test.context.event.EventPublishingTestExecutionListener@1a6864f0, org.springframework.boot.test.autoconfigure.restdocs.RestDocsTestExecutionListener@3f41a1f3, org.springframework.boot.test.autoconfigure.web.client.MockRestServiceServerResetTestExecutionListener@4374c051, org.springframework.boot.test.autoconfigure.web.servlet.MockMvcPrintOnlyOnFailureTestExecutionListener@1342c6e1, org.springframework.boot.test.autoconfigure.web.servlet.WebDriverTestExecutionListener@4a547f9d, org.springframework.boot.test.autoconfigure.webservices.client.MockWebServiceServerTestExecutionListener@7828111d, org.springframework.boot.test.mock.mockito.ResetMocksTestExecutionListener@1dbb3001]

  .   ____          _            __ _ _
 /\\ / ___'_ __ _ _(_)_ __  __ _ \ \ \ \
( ( )\___ | '_ | '_| | '_ \/ _` | \ \ \ \
 \\/  ___)| |_)| | | | | || (_| |  ) ) ) )
  '  |____| .__|_| |_|_| |_\__, | / / / /
 =========|_|==============|___/=/_/_/_/
 :: Spring Boot ::                (v2.7.9)

2023-04-30 01:43:12.580  INFO 16716 --- [    Test worker] A.P.Controller.PostControllerTest        : Starting PostControllerTest using Java 15.0.2 on DESKTOP-DP4LJM3 with PID 16716 (started by Guan in F:\ASE\Plan2Go-post-server)
2023-04-30 01:43:12.581  INFO 16716 --- [    Test worker] A.P.Controller.PostControllerTest        : No active profile set, falling back to 1 default profile: "default"
2023-04-30 01:43:13.814  INFO 16716 --- [    Test worker] o.s.b.t.m.w.SpringBootMockServletContext : Initializing Spring TestDispatcherServlet ''
2023-04-30 01:43:13.814  INFO 16716 --- [    Test worker] o.s.t.web.servlet.TestDispatcherServlet  : Initializing Servlet ''
2023-04-30 01:43:13.816  INFO 16716 --- [    Test worker] o.s.t.web.servlet.TestDispatcherServlet  : Completed initialization in 1 ms
2023-04-30 01:43:13.839  INFO 16716 --- [    Test worker] A.P.Controller.PostControllerTest        : Started PostControllerTest in 1.326 seconds (JVM running for 12.513)
]]></system-out>
  <system-err><![CDATA[]]></system-err>
</testsuite>
