<?xml version="1.0" encoding="UTF-8"?>
<testsuite name="ASESpaghettiCode.PostServer.Controller.CommentControllerTest" tests="4" skipped="0" failures="0" errors="0" timestamp="2023-04-29T23:43:11" hostname="DESKTOP-DP4LJM3" time="0.638">
  <properties/>
  <testcase name="deleteCommentTest()" classname="ASESpaghettiCode.PostServer.Controller.CommentControllerTest" time="0.277"/>
  <testcase name="createCommentForAGivenNoteTest()" classname="ASESpaghettiCode.PostServer.Controller.CommentControllerTest" time="0.293"/>
  <testcase name="getCommentsByNoteIdTest()" classname="ASESpaghettiCode.PostServer.Controller.CommentControllerTest" time="0.037"/>
  <testcase name="updateCommentTest()" classname="ASESpaghettiCode.PostServer.Controller.CommentControllerTest" time="0.019"/>
  <system-out><![CDATA[01:43:04.147 [Test worker] DEBUG org.springframework.test.context.BootstrapUtils - Instantiating CacheAwareContextLoaderDelegate from class [org.springframework.test.context.cache.DefaultCacheAwareContextLoaderDelegate]
01:43:04.200 [Test worker] DEBUG org.springframework.test.context.BootstrapUtils - Instantiating BootstrapContext using constructor [public org.springframework.test.context.support.DefaultBootstrapContext(java.lang.Class,org.springframework.test.context.CacheAwareContextLoaderDelegate)]
01:43:04.408 [Test worker] DEBUG org.springframework.test.context.BootstrapUtils - Instantiating TestContextBootstrapper for test class [ASESpaghettiCode.PostServer.Controller.CommentControllerTest] from class [org.springframework.boot.test.autoconfigure.web.servlet.WebMvcTestContextBootstrapper]
01:43:04.448 [Test worker] INFO org.springframework.boot.test.autoconfigure.web.servlet.WebMvcTestContextBootstrapper - Neither @ContextConfiguration nor @ContextHierarchy found for test class [ASESpaghettiCode.PostServer.Controller.CommentControllerTest], using SpringBootContextLoader
01:43:04.467 [Test worker] DEBUG org.springframework.test.context.support.AbstractContextLoader - Did not detect default resource location for test class [ASESpaghettiCode.PostServer.Controller.CommentControllerTest]: class path resource [ASESpaghettiCode/PostServer/Controller/CommentControllerTest-context.xml] does not exist
01:43:04.468 [Test worker] DEBUG org.springframework.test.context.support.AbstractContextLoader - Did not detect default resource location for test class [ASESpaghettiCode.PostServer.Controller.CommentControllerTest]: class path resource [ASESpaghettiCode/PostServer/Controller/CommentControllerTestContext.groovy] does not exist
01:43:04.469 [Test worker] INFO org.springframework.test.context.support.AbstractContextLoader - Could not detect default resource locations for test class [ASESpaghettiCode.PostServer.Controller.CommentControllerTest]: no resource found for suffixes {-context.xml, Context.groovy}.
01:43:04.474 [Test worker] INFO org.springframework.test.context.support.AnnotationConfigContextLoaderUtils - Could not detect default configuration classes for test class [ASESpaghettiCode.PostServer.Controller.CommentControllerTest]: CommentControllerTest does not declare any static, non-private, non-final, nested classes annotated with @Configuration.
01:43:04.750 [Test worker] DEBUG org.springframework.test.context.support.ActiveProfilesUtils - Could not find an 'annotation declaring class' for annotation type [org.springframework.test.context.ActiveProfiles] and class [ASESpaghettiCode.PostServer.Controller.CommentControllerTest]
01:43:05.015 [Test worker] DEBUG org.springframework.context.annotation.ClassPathScanningCandidateComponentProvider - Identified candidate component class: file [F:\ASE\Plan2Go-post-server\build\classes\java\main\ASESpaghettiCode\PostServer\PostServerApplication.class]
01:43:05.016 [Test worker] INFO org.springframework.boot.test.context.SpringBootTestContextBootstrapper - Found @SpringBootConfiguration ASESpaghettiCode.PostServer.PostServerApplication for test class ASESpaghettiCode.PostServer.Controller.CommentControllerTest
01:43:05.024 [Test worker] DEBUG org.springframework.boot.test.autoconfigure.web.servlet.WebMvcTestContextBootstrapper - @TestExecutionListeners is not present for class [ASESpaghettiCode.PostServer.Controller.CommentControllerTest]: using defaults.
01:43:05.026 [Test worker] INFO org.springframework.boot.test.autoconfigure.web.servlet.WebMvcTestContextBootstrapper - Loaded default TestExecutionListener class names from location [META-INF/spring.factories]: [org.springframework.boot.test.autoconfigure.restdocs.RestDocsTestExecutionListener, org.springframework.boot.test.autoconfigure.web.client.MockRestServiceServerResetTestExecutionListener, org.springframework.boot.test.autoconfigure.web.servlet.MockMvcPrintOnlyOnFailureTestExecutionListener, org.springframework.boot.test.autoconfigure.web.servlet.WebDriverTestExecutionListener, org.springframework.boot.test.autoconfigure.webservices.client.MockWebServiceServerTestExecutionListener, org.springframework.boot.test.mock.mockito.MockitoTestExecutionListener, org.springframework.boot.test.mock.mockito.ResetMocksTestExecutionListener, org.springframework.test.context.web.ServletTestExecutionListener, org.springframework.test.context.support.DirtiesContextBeforeModesTestExecutionListener, org.springframework.test.context.event.ApplicationEventsTestExecutionListener, org.springframework.test.context.support.DependencyInjectionTestExecutionListener, org.springframework.test.context.support.DirtiesContextTestExecutionListener, org.springframework.test.context.transaction.TransactionalTestExecutionListener, org.springframework.test.context.jdbc.SqlScriptsTestExecutionListener, org.springframework.test.context.event.EventPublishingTestExecutionListener]
01:43:05.090 [Test worker] INFO org.springframework.boot.test.autoconfigure.web.servlet.WebMvcTestContextBootstrapper - Using TestExecutionListeners: [org.springframework.test.context.web.ServletTestExecutionListener@7da39774, org.springframework.test.context.support.DirtiesContextBeforeModesTestExecutionListener@441b8382, org.springframework.test.context.event.ApplicationEventsTestExecutionListener@1df1ced0, org.springframework.boot.test.mock.mockito.MockitoTestExecutionListener@5349b246, org.springframework.boot.test.autoconfigure.SpringBootDependencyInjectionTestExecutionListener@32b0876c, org.springframework.test.context.support.DirtiesContextTestExecutionListener@2aaf152b, org.springframework.test.context.transaction.TransactionalTestExecutionListener@39bbd9e0, org.springframework.test.context.jdbc.SqlScriptsTestExecutionListener@27fe9713, org.springframework.test.context.event.EventPublishingTestExecutionListener@11c3ff67, org.springframework.boot.test.autoconfigure.restdocs.RestDocsTestExecutionListener@4397a639, org.springframework.boot.test.autoconfigure.web.client.MockRestServiceServerResetTestExecutionListener@24841372, org.springframework.boot.test.autoconfigure.web.servlet.MockMvcPrintOnlyOnFailureTestExecutionListener@77114efe, org.springframework.boot.test.autoconfigure.web.servlet.WebDriverTestExecutionListener@79a7bfbc, org.springframework.boot.test.autoconfigure.webservices.client.MockWebServiceServerTestExecutionListener@77f68df, org.springframework.boot.test.mock.mockito.ResetMocksTestExecutionListener@3e4e4c1]
01:43:05.105 [Test worker] DEBUG org.springframework.test.context.support.AbstractDirtiesContextTestExecutionListener - Before test class: context [DefaultTestContext@65d8dff8 testClass = CommentControllerTest, testInstance = [null], testMethod = [null], testException = [null], mergedContextConfiguration = [WebMergedContextConfiguration@444f44c5 testClass = CommentControllerTest, locations = '{}', classes = '{class ASESpaghettiCode.PostServer.PostServerApplication}', contextInitializerClasses = '[]', activeProfiles = '{}', propertySourceLocations = '{}', propertySourceProperties = '{org.springframework.boot.test.autoconfigure.web.servlet.WebMvcTestContextBootstrapper=true}', contextCustomizers = set[org.springframework.boot.test.autoconfigure.OverrideAutoConfigurationContextCustomizerFactory$DisableAutoConfigurationContextCustomizer@7d5508e0, org.springframework.boot.test.autoconfigure.actuate.metrics.MetricsExportContextCustomizerFactory$DisableMetricExportContextCustomizer@5b84f14, org.springframework.boot.test.autoconfigure.filter.TypeExcludeFiltersContextCustomizer@2780d619, org.springframework.boot.test.autoconfigure.properties.PropertyMappingContextCustomizer@e7c7a4fa, org.springframework.boot.test.autoconfigure.web.servlet.WebDriverContextCustomizerFactory$Customizer@7f08caf, [ImportsContextCustomizer@303f1234 key = [org.springframework.boot.autoconfigure.cache.CacheAutoConfiguration, org.springframework.boot.autoconfigure.context.MessageSourceAutoConfiguration, org.springframework.boot.autoconfigure.data.web.SpringDataWebAutoConfiguration, org.springframework.boot.autoconfigure.freemarker.FreeMarkerAutoConfiguration, org.springframework.boot.autoconfigure.groovy.template.GroovyTemplateAutoConfiguration, org.springframework.boot.autoconfigure.gson.GsonAutoConfiguration, org.springframework.boot.autoconfigure.hateoas.HypermediaAutoConfiguration, org.springframework.boot.autoconfigure.http.HttpMessageConvertersAutoConfiguration, org.springframework.boot.autoconfigure.jackson.JacksonAutoConfiguration, org.springframework.boot.autoconfigure.jsonb.JsonbAutoConfiguration, org.springframework.boot.autoconfigure.mustache.MustacheAutoConfiguration, org.springframework.boot.autoconfigure.task.TaskExecutionAutoConfiguration, org.springframework.boot.autoconfigure.thymeleaf.ThymeleafAutoConfiguration, org.springframework.boot.autoconfigure.validation.ValidationAutoConfiguration, org.springframework.boot.autoconfigure.web.servlet.error.ErrorMvcAutoConfiguration, org.springframework.boot.autoconfigure.web.servlet.HttpEncodingAutoConfiguration, org.springframework.boot.autoconfigure.web.servlet.WebMvcAutoConfiguration, org.springframework.boot.test.autoconfigure.web.servlet.MockMvcAutoConfiguration, org.springframework.boot.test.autoconfigure.web.servlet.MockMvcWebClientAutoConfiguration, org.springframework.boot.test.autoconfigure.web.servlet.MockMvcWebDriverAutoConfiguration, org.springframework.boot.autoconfigure.security.oauth2.client.servlet.OAuth2ClientAutoConfiguration, org.springframework.boot.autoconfigure.security.oauth2.resource.servlet.OAuth2ResourceServerAutoConfiguration, org.springframework.boot.autoconfigure.security.servlet.SecurityAutoConfiguration, org.springframework.boot.autoconfigure.security.servlet.SecurityFilterAutoConfiguration, org.springframework.boot.autoconfigure.security.servlet.UserDetailsServiceAutoConfiguration, org.springframework.boot.test.autoconfigure.web.servlet.MockMvcSecurityConfiguration, org.springframework.boot.test.autoconfigure.web.reactive.WebTestClientAutoConfiguration]], org.springframework.boot.test.context.filter.ExcludeFilterContextCustomizer@63411512, org.springframework.boot.test.json.DuplicateJsonObjectContextCustomizerFactory$DuplicateJsonObjectContextCustomizer@6ba30587, org.springframework.boot.test.mock.mockito.MockitoContextCustomizer@57f8411f, org.springframework.boot.test.context.SpringBootTestArgs@1, org.springframework.boot.test.context.SpringBootTestWebEnvironment@0], resourceBasePath = 'src/main/webapp', contextLoader = 'org.springframework.boot.test.context.SpringBootContextLoader', parent = [null]], attributes = map[[empty]]], class annotated with @DirtiesContext [false] with mode [null].

  .   ____          _            __ _ _
 /\\ / ___'_ __ _ _(_)_ __  __ _ \ \ \ \
( ( )\___ | '_ | '_| | '_ \/ _` | \ \ \ \
 \\/  ___)| |_)| | | | | || (_| |  ) ) ) )
  '  |____| .__|_| |_|_| |_\__, | / / / /
 =========|_|==============|___/=/_/_/_/
 :: Spring Boot ::                (v2.7.9)

2023-04-30 01:43:06.396  INFO 16716 --- [    Test worker] A.P.Controller.CommentControllerTest     : Starting CommentControllerTest using Java 15.0.2 on DESKTOP-DP4LJM3 with PID 16716 (started by Guan in F:\ASE\Plan2Go-post-server)
2023-04-30 01:43:06.401  INFO 16716 --- [    Test worker] A.P.Controller.CommentControllerTest     : No active profile set, falling back to 1 default profile: "default"
2023-04-30 01:43:11.710  INFO 16716 --- [    Test worker] o.s.b.t.m.w.SpringBootMockServletContext : Initializing Spring TestDispatcherServlet ''
2023-04-30 01:43:11.711  INFO 16716 --- [    Test worker] o.s.t.web.servlet.TestDispatcherServlet  : Initializing Servlet ''
2023-04-30 01:43:11.714  INFO 16716 --- [    Test worker] o.s.t.web.servlet.TestDispatcherServlet  : Completed initialization in 2 ms
2023-04-30 01:43:11.796  INFO 16716 --- [    Test worker] A.P.Controller.CommentControllerTest     : Started CommentControllerTest in 6.521 seconds (JVM running for 10.471)
]]></system-out>
  <system-err><![CDATA[]]></system-err>
</testsuite>
