<?xml version="1.0" encoding="UTF-8"?>
<testsuite name="ASESpaghettiCode.PostServer.Controller.PostControllerTest" tests="10" skipped="0" failures="0" errors="0" timestamp="2023-05-21T21:14:14" hostname="MacBook-Pro.local" time="0.182">
  <properties/>
  <testcase name="getPostByIdTest()" classname="ASESpaghettiCode.PostServer.Controller.PostControllerTest" time="0.021"/>
  <testcase name="findAllPostTest()" classname="ASESpaghettiCode.PostServer.Controller.PostControllerTest" time="0.01"/>
  <testcase name="findFollowingNotesTest()" classname="ASESpaghettiCode.PostServer.Controller.PostControllerTest" time="0.026"/>
  <testcase name="createNoteTest()" classname="ASESpaghettiCode.PostServer.Controller.PostControllerTest" time="0.027"/>
  <testcase name="userLikesNoteTest()" classname="ASESpaghettiCode.PostServer.Controller.PostControllerTest" time="0.017"/>
  <testcase name="userUnlikesNoteTest()" classname="ASESpaghettiCode.PostServer.Controller.PostControllerTest" time="0.011"/>
  <testcase name="deleteNoteTest()" classname="ASESpaghettiCode.PostServer.Controller.PostControllerTest" time="0.008"/>
  <testcase name="updateNote()" classname="ASESpaghettiCode.PostServer.Controller.PostControllerTest" time="0.013"/>
  <testcase name="getPostByUserIdTest()" classname="ASESpaghettiCode.PostServer.Controller.PostControllerTest" time="0.011"/>
  <testcase name="whetherUserLikesPostTest()" classname="ASESpaghettiCode.PostServer.Controller.PostControllerTest" time="0.012"/>
  <system-out><![CDATA[2023-05-21 23:14:13.663  INFO 56099 --- [    Test worker] .b.t.a.w.s.WebMvcTestContextBootstrapper : Neither @ContextConfiguration nor @ContextHierarchy found for test class [ASESpaghettiCode.PostServer.Controller.PostControllerTest], using SpringBootContextLoader
2023-05-21 23:14:13.664  INFO 56099 --- [    Test worker] o.s.t.c.support.AbstractContextLoader    : Could not detect default resource locations for test class [ASESpaghettiCode.PostServer.Controller.PostControllerTest]: no resource found for suffixes {-context.xml, Context.groovy}.
2023-05-21 23:14:13.665  INFO 56099 --- [    Test worker] t.c.s.AnnotationConfigContextLoaderUtils : Could not detect default configuration classes for test class [ASESpaghettiCode.PostServer.Controller.PostControllerTest]: PostControllerTest does not declare any static, non-private, non-final, nested classes annotated with @Configuration.
2023-05-21 23:14:13.673  INFO 56099 --- [    Test worker] .b.t.c.SpringBootTestContextBootstrapper : Found @SpringBootConfiguration ASESpaghettiCode.PostServer.PostServerApplication for test class ASESpaghettiCode.PostServer.Controller.PostControllerTest
2023-05-21 23:14:13.675  INFO 56099 --- [    Test worker] .b.t.a.w.s.WebMvcTestContextBootstrapper : Loaded default TestExecutionListener class names from location [META-INF/spring.factories]: [org.springframework.boot.test.autoconfigure.restdocs.RestDocsTestExecutionListener, org.springframework.boot.test.autoconfigure.web.client.MockRestServiceServerResetTestExecutionListener, org.springframework.boot.test.autoconfigure.web.servlet.MockMvcPrintOnlyOnFailureTestExecutionListener, org.springframework.boot.test.autoconfigure.web.servlet.WebDriverTestExecutionListener, org.springframework.boot.test.autoconfigure.webservices.client.MockWebServiceServerTestExecutionListener, org.springframework.boot.test.mock.mockito.MockitoTestExecutionListener, org.springframework.boot.test.mock.mockito.ResetMocksTestExecutionListener, org.springframework.test.context.web.ServletTestExecutionListener, org.springframework.test.context.support.DirtiesContextBeforeModesTestExecutionListener, org.springframework.test.context.event.ApplicationEventsTestExecutionListener, org.springframework.test.context.support.DependencyInjectionTestExecutionListener, org.springframework.test.context.support.DirtiesContextTestExecutionListener, org.springframework.test.context.transaction.TransactionalTestExecutionListener, org.springframework.test.context.jdbc.SqlScriptsTestExecutionListener, org.springframework.test.context.event.EventPublishingTestExecutionListener]
2023-05-21 23:14:13.675  INFO 56099 --- [    Test worker] .b.t.a.w.s.WebMvcTestContextBootstrapper : Using TestExecutionListeners: [org.springframework.test.context.web.ServletTestExecutionListener@9f52c05, org.springframework.test.context.support.DirtiesContextBeforeModesTestExecutionListener@7d32d6af, org.springframework.test.context.event.ApplicationEventsTestExecutionListener@2029947d, org.springframework.boot.test.mock.mockito.MockitoTestExecutionListener@30ad3219, org.springframework.boot.test.autoconfigure.SpringBootDependencyInjectionTestExecutionListener@1098a50d, org.springframework.test.context.support.DirtiesContextTestExecutionListener@7b749e1f, org.springframework.test.context.transaction.TransactionalTestExecutionListener@17127770, org.springframework.test.context.jdbc.SqlScriptsTestExecutionListener@4e76b271, org.springframework.test.context.event.EventPublishingTestExecutionListener@1b93c67f, org.springframework.boot.test.autoconfigure.restdocs.RestDocsTestExecutionListener@44482774, org.springframework.boot.test.autoconfigure.web.client.MockRestServiceServerResetTestExecutionListener@4065717a, org.springframework.boot.test.autoconfigure.web.servlet.MockMvcPrintOnlyOnFailureTestExecutionListener@3b7bb63d, org.springframework.boot.test.autoconfigure.web.servlet.WebDriverTestExecutionListener@3e5e2f13, org.springframework.boot.test.autoconfigure.webservices.client.MockWebServiceServerTestExecutionListener@3b28cc2b, org.springframework.boot.test.mock.mockito.ResetMocksTestExecutionListener@502d9495]

  .   ____          _            __ _ _
 /\\ / ___'_ __ _ _(_)_ __  __ _ \ \ \ \
( ( )\___ | '_ | '_| | '_ \/ _` | \ \ \ \
 \\/  ___)| |_)| | | | | || (_| |  ) ) ) )
  '  |____| .__|_| |_|_| |_\__, | / / / /
 =========|_|==============|___/=/_/_/_/
 :: Spring Boot ::                (v2.7.9)

2023-05-21 23:14:13.714  INFO 56099 --- [    Test worker] A.P.Controller.PostControllerTest        : Starting PostControllerTest using Java 11.0.18 on MacBook-Pro.local with PID 56099 (started by mac in /Users/mac/IdeaProjects/Plan2Go-post-server)
2023-05-21 23:14:13.714  INFO 56099 --- [    Test worker] A.P.Controller.PostControllerTest        : No active profile set, falling back to 1 default profile: "default"
2023-05-21 23:14:14.520  INFO 56099 --- [    Test worker] o.s.b.t.m.w.SpringBootMockServletContext : Initializing Spring TestDispatcherServlet ''
2023-05-21 23:14:14.520  INFO 56099 --- [    Test worker] o.s.t.web.servlet.TestDispatcherServlet  : Initializing Servlet ''
2023-05-21 23:14:14.521  INFO 56099 --- [    Test worker] o.s.t.web.servlet.TestDispatcherServlet  : Completed initialization in 0 ms
2023-05-21 23:14:14.538  INFO 56099 --- [    Test worker] A.P.Controller.PostControllerTest        : Started PostControllerTest in 0.858 seconds (JVM running for 8.142)
]]></system-out>
  <system-err><![CDATA[]]></system-err>
</testsuite>
