<?xml version="1.0" encoding="UTF-8"?>
<testsuite name="ASESpaghettiCode.PostServer.Service.CommentServiceTest" tests="9" skipped="0" failures="0" errors="0" timestamp="2023-05-21T21:44:50" hostname="MacBook-Pro.local" time="0.066">
  <properties/>
  <testcase name="updateCommentTest_Unauthorized()" classname="ASESpaghettiCode.PostServer.Service.CommentServiceTest" time="0.011"/>
  <testcase name="findCommentsByPostIdTest_Success()" classname="ASESpaghettiCode.PostServer.Service.CommentServiceTest" time="0.006"/>
  <testcase name="updateCommentTest_NoComment()" classname="ASESpaghettiCode.PostServer.Service.CommentServiceTest" time="0.002"/>
  <testcase name="deleteCommentTest_NoComment()" classname="ASESpaghettiCode.PostServer.Service.CommentServiceTest" time="0.001"/>
  <testcase name="deleteCommentTest_Unauthorized()" classname="ASESpaghettiCode.PostServer.Service.CommentServiceTest" time="0.001"/>
  <testcase name="deleteCommentTest_Success()" classname="ASESpaghettiCode.PostServer.Service.CommentServiceTest" time="0.011"/>
  <testcase name="deleteCommentTest_NoPost()" classname="ASESpaghettiCode.PostServer.Service.CommentServiceTest" time="0.003"/>
  <testcase name="updateCommentTest_Success()" classname="ASESpaghettiCode.PostServer.Service.CommentServiceTest" time="0.002"/>
  <testcase name="findCommentsByPostIdTest_Fail()" classname="ASESpaghettiCode.PostServer.Service.CommentServiceTest" time="0.002"/>
  <system-out><![CDATA[]]></system-out>
  <system-err><![CDATA[]]></system-err>
</testsuite>
