<?xml version="1.0" encoding="UTF-8"?>
<testsuite name="ASESpaghettiCode.PostServer.Service.PostServiceTest" tests="20" skipped="0" failures="0" errors="0" timestamp="2023-05-21T21:44:50" hostname="MacBook-Pro.local" time="0.294">
  <properties/>
  <testcase name="updatePostTest_Unauthorized()" classname="ASESpaghettiCode.PostServer.Service.PostServiceTest" time="0.003"/>
  <testcase name="findAllPostTest()" classname="ASESpaghettiCode.PostServer.Service.PostServiceTest" time="0.002"/>
  <testcase name="userUnlikesPostTest_Success()" classname="ASESpaghettiCode.PostServer.Service.PostServiceTest" time="0.003"/>
  <testcase name="userUnlikesPostTest_Unauthorized()" classname="ASESpaghettiCode.PostServer.Service.PostServiceTest" time="0.002"/>
  <testcase name="deletePostTest_Unauthorized()" classname="ASESpaghettiCode.PostServer.Service.PostServiceTest" time="0.002"/>
  <testcase name="userUnlikesPostTest_NoPost()" classname="ASESpaghettiCode.PostServer.Service.PostServiceTest" time="0.002"/>
  <testcase name="deletePostTest_NoPost()" classname="ASESpaghettiCode.PostServer.Service.PostServiceTest" time="0.002"/>
  <testcase name="getPostByIdTest_Success()" classname="ASESpaghettiCode.PostServer.Service.PostServiceTest" time="0.002"/>
  <testcase name="deletePostTest_Success()" classname="ASESpaghettiCode.PostServer.Service.PostServiceTest" time="0.002"/>
  <testcase name="updatePostTest_Success()" classname="ASESpaghettiCode.PostServer.Service.PostServiceTest" time="0.003"/>
  <testcase name="findPostOfFollowees_Success()" classname="ASESpaghettiCode.PostServer.Service.PostServiceTest" time="0.002"/>
  <testcase name="addUsernameImagePathtothePostlistTest()" classname="ASESpaghettiCode.PostServer.Service.PostServiceTest" time="0.196"/>
  <testcase name="findPostOfFollowees_Fail()" classname="ASESpaghettiCode.PostServer.Service.PostServiceTest" time="0.001"/>
  <testcase name="findPostByUserIdTest_NoPost()" classname="ASESpaghettiCode.PostServer.Service.PostServiceTest" time="0.001"/>
  <testcase name="updatePostTest_NoPost()" classname="ASESpaghettiCode.PostServer.Service.PostServiceTest" time="0.002"/>
  <testcase name="findPostByUserIdTest_HasPost()" classname="ASESpaghettiCode.PostServer.Service.PostServiceTest" time="0.001"/>
  <testcase name="getPostByIdTest_Fail()" classname="ASESpaghettiCode.PostServer.Service.PostServiceTest" time="0.001"/>
  <testcase name="whetherUserLikesPostTest()" classname="ASESpaghettiCode.PostServer.Service.PostServiceTest" time="0.001"/>
  <testcase name="userLikesPostTest_Fail()" classname="ASESpaghettiCode.PostServer.Service.PostServiceTest" time="0.001"/>
  <testcase name="createPostTest()" classname="ASESpaghettiCode.PostServer.Service.PostServiceTest" time="0.001"/>
  <system-out><![CDATA[]]></system-out>
  <system-err><![CDATA[]]></system-err>
</testsuite>
