<?xml version="1.0" encoding="UTF-8"?>
<testsuite name="ASESpaghettiCode.PostServer.Controller.CommentControllerTest" tests="4" skipped="0" failures="0" errors="0" timestamp="2023-05-21T21:14:13" hostname="MacBook-Pro.local" time="0.445">
  <properties/>
  <testcase name="deleteCommentTest()" classname="ASESpaghettiCode.PostServer.Controller.CommentControllerTest" time="0.175"/>
  <testcase name="createCommentForAGivenNoteTest()" classname="ASESpaghettiCode.PostServer.Controller.CommentControllerTest" time="0.232"/>
  <testcase name="getCommentsByNoteIdTest()" classname="ASESpaghettiCode.PostServer.Controller.CommentControllerTest" time="0.02"/>
  <testcase name="updateCommentTest()" classname="ASESpaghettiCode.PostServer.Controller.CommentControllerTest" time="0.011"/>
  <system-out><![CDATA[23:14:08.034 [Test worker] DEBUG org.springframework.test.context.BootstrapUtils - Instantiating CacheAwareContextLoaderDelegate from class [org.springframework.test.context.cache.DefaultCacheAwareContextLoaderDelegate]
23:14:08.057 [Test worker] DEBUG org.springframework.test.context.BootstrapUtils - Instantiating BootstrapContext using constructor [public org.springframework.test.context.support.DefaultBootstrapContext(java.lang.Class,org.springframework.test.context.CacheAwareContextLoaderDelegate)]
23:14:08.131 [Test worker] DEBUG org.springframework.test.context.BootstrapUtils - Instantiating TestContextBootstrapper for test class [ASESpaghettiCode.PostServer.Controller.CommentControllerTest] from class [org.springframework.boot.test.autoconfigure.web.servlet.WebMvcTestContextBootstrapper]
23:14:08.155 [Test worker] INFO org.springframework.boot.test.autoconfigure.web.servlet.WebMvcTestContextBootstrapper - Neither @ContextConfiguration nor @ContextHierarchy found for test class [ASESpaghettiCode.PostServer.Controller.CommentControllerTest], using SpringBootContextLoader
23:14:08.164 [Test worker] DEBUG org.springframework.test.context.support.AbstractContextLoader - Did not detect default resource location for test class [ASESpaghettiCode.PostServer.Controller.CommentControllerTest]: class path resource [ASESpaghettiCode/PostServer/Controller/CommentControllerTest-context.xml] does not exist
23:14:08.165 [Test worker] DEBUG org.springframework.test.context.support.AbstractContextLoader - Did not detect default resource location for test class [ASESpaghettiCode.PostServer.Controller.CommentControllerTest]: class path resource [ASESpaghettiCode/PostServer/Controller/CommentControllerTestContext.groovy] does not exist
23:14:08.166 [Test worker] INFO org.springframework.test.context.support.AbstractContextLoader - Could not detect default resource locations for test class [ASESpaghettiCode.PostServer.Controller.CommentControllerTest]: no resource found for suffixes {-context.xml, Context.groovy}.
23:14:08.167 [Test worker] INFO org.springframework.test.context.support.AnnotationConfigContextLoaderUtils - Could not detect default configuration classes for test class [ASESpaghettiCode.PostServer.Controller.CommentControllerTest]: CommentControllerTest does not declare any static, non-private, non-final, nested classes annotated with @Configuration.
23:14:08.300 [Test worker] DEBUG org.springframework.test.context.support.ActiveProfilesUtils - Could not find an 'annotation declaring class' for annotation type [org.springframework.test.context.ActiveProfiles] and class [ASESpaghettiCode.PostServer.Controller.CommentControllerTest]
23:14:08.425 [Test worker] DEBUG org.springframework.context.annotation.ClassPathScanningCandidateComponentProvider - Identified candidate component class: file [/Users/mac/IdeaProjects/Plan2Go-post-server/build/classes/java/main/ASESpaghettiCode/PostServer/PostServerApplication.class]
23:14:08.425 [Test worker] INFO org.springframework.boot.test.context.SpringBootTestContextBootstrapper - Found @SpringBootConfiguration ASESpaghettiCode.PostServer.PostServerApplication for test class ASESpaghettiCode.PostServer.Controller.CommentControllerTest
23:14:08.429 [Test worker] DEBUG org.springframework.boot.test.autoconfigure.web.servlet.WebMvcTestContextBootstrapper - @TestExecutionListeners is not present for class [ASESpaghettiCode.PostServer.Controller.CommentControllerTest]: using defaults.
23:14:08.430 [Test worker] INFO org.springframework.boot.test.autoconfigure.web.servlet.WebMvcTestContextBootstrapper - Loaded default TestExecutionListener class names from location [META-INF/spring.factories]: [org.springframework.boot.test.autoconfigure.restdocs.RestDocsTestExecutionListener, org.springframework.boot.test.autoconfigure.web.client.MockRestServiceServerResetTestExecutionListener, org.springframework.boot.test.autoconfigure.web.servlet.MockMvcPrintOnlyOnFailureTestExecutionListener, org.springframework.boot.test.autoconfigure.web.servlet.WebDriverTestExecutionListener, org.springframework.boot.test.autoconfigure.webservices.client.MockWebServiceServerTestExecutionListener, org.springframework.boot.test.mock.mockito.MockitoTestExecutionListener, org.springframework.boot.test.mock.mockito.ResetMocksTestExecutionListener, org.springframework.test.context.web.ServletTestExecutionListener, org.springframework.test.context.support.DirtiesContextBeforeModesTestExecutionListener, org.springframework.test.context.event.ApplicationEventsTestExecutionListener, org.springframework.test.context.support.DependencyInjectionTestExecutionListener, org.springframework.test.context.support.DirtiesContextTestExecutionListener, org.springframework.test.context.transaction.TransactionalTestExecutionListener, org.springframework.test.context.jdbc.SqlScriptsTestExecutionListener, org.springframework.test.context.event.EventPublishingTestExecutionListener]
23:14:08.461 [Test worker] INFO org.springframework.boot.test.autoconfigure.web.servlet.WebMvcTestContextBootstrapper - Using TestExecutionListeners: [org.springframework.test.context.web.ServletTestExecutionListener@21d3d6ec, org.springframework.test.context.support.DirtiesContextBeforeModesTestExecutionListener@49f1184e, org.springframework.test.context.event.ApplicationEventsTestExecutionListener@7ebaf0d, org.springframework.boot.test.mock.mockito.MockitoTestExecutionListener@694b1ddb, org.springframework.boot.test.autoconfigure.SpringBootDependencyInjectionTestExecutionListener@5690c2a8, org.springframework.test.context.support.DirtiesContextTestExecutionListener@17e2835c, org.springframework.test.context.transaction.TransactionalTestExecutionListener@4d2bc56a, org.springframework.test.context.jdbc.SqlScriptsTestExecutionListener@7cbfbcd1, org.springframework.test.context.event.EventPublishingTestExecutionListener@2c6aa46c, org.springframework.boot.test.autoconfigure.restdocs.RestDocsTestExecutionListener@2f112ade, org.springframework.boot.test.autoconfigure.web.client.MockRestServiceServerResetTestExecutionListener@3c82bac3, org.springframework.boot.test.autoconfigure.web.servlet.MockMvcPrintOnlyOnFailureTestExecutionListener@3ddac0b6, org.springframework.boot.test.autoconfigure.web.servlet.WebDriverTestExecutionListener@446a5aa5, org.springframework.boot.test.autoconfigure.webservices.client.MockWebServiceServerTestExecutionListener@628bcf2c, org.springframework.boot.test.mock.mockito.ResetMocksTestExecutionListener@4b76251c]
23:14:08.467 [Test worker] DEBUG org.springframework.test.context.support.AbstractDirtiesContextTestExecutionListener - Before test class: context [DefaultTestContext@323c6f9c testClass = CommentControllerTest, testInstance = [null], testMethod = [null], testException = [null], mergedContextConfiguration = [WebMergedContextConfiguration@dbca149 testClass = CommentControllerTest, locations = '{}', classes = '{class ASESpaghettiCode.PostServer.PostServerApplication}', contextInitializerClasses = '[]', activeProfiles = '{}', propertySourceLocations = '{}', propertySourceProperties = '{org.springframework.boot.test.autoconfigure.web.servlet.WebMvcTestContextBootstrapper=true}', contextCustomizers = set[org.springframework.boot.test.autoconfigure.OverrideAutoConfigurationContextCustomizerFactory$DisableAutoConfigurationContextCustomizer@34549979, org.springframework.boot.test.autoconfigure.actuate.metrics.MetricsExportContextCustomizerFactory$DisableMetricExportContextCustomizer@5c5c7cc4, org.springframework.boot.test.autoconfigure.filter.TypeExcludeFiltersContextCustomizer@7a9b45a8, org.springframework.boot.test.autoconfigure.properties.PropertyMappingContextCustomizer@224c727, org.springframework.boot.test.autoconfigure.web.servlet.WebDriverContextCustomizerFactory$Customizer@5ca22e19, [ImportsContextCustomizer@68550d86 key = [org.springframework.boot.autoconfigure.cache.CacheAutoConfiguration, org.springframework.boot.autoconfigure.context.MessageSourceAutoConfiguration, org.springframework.boot.autoconfigure.data.web.SpringDataWebAutoConfiguration, org.springframework.boot.autoconfigure.freemarker.FreeMarkerAutoConfiguration, org.springframework.boot.autoconfigure.groovy.template.GroovyTemplateAutoConfiguration, org.springframework.boot.autoconfigure.gson.GsonAutoConfiguration, org.springframework.boot.autoconfigure.hateoas.HypermediaAutoConfiguration, org.springframework.boot.autoconfigure.http.HttpMessageConvertersAutoConfiguration, org.springframework.boot.autoconfigure.jackson.JacksonAutoConfiguration, org.springframework.boot.autoconfigure.jsonb.JsonbAutoConfiguration, org.springframework.boot.autoconfigure.mustache.MustacheAutoConfiguration, org.springframework.boot.autoconfigure.task.TaskExecutionAutoConfiguration, org.springframework.boot.autoconfigure.thymeleaf.ThymeleafAutoConfiguration, org.springframework.boot.autoconfigure.validation.ValidationAutoConfiguration, org.springframework.boot.autoconfigure.web.servlet.error.ErrorMvcAutoConfiguration, org.springframework.boot.autoconfigure.web.servlet.HttpEncodingAutoConfiguration, org.springframework.boot.autoconfigure.web.servlet.WebMvcAutoConfiguration, org.springframework.boot.test.autoconfigure.web.servlet.MockMvcAutoConfiguration, org.springframework.boot.test.autoconfigure.web.servlet.MockMvcWebClientAutoConfiguration, org.springframework.boot.test.autoconfigure.web.servlet.MockMvcWebDriverAutoConfiguration, org.springframework.boot.autoconfigure.security.oauth2.client.servlet.OAuth2ClientAutoConfiguration, org.springframework.boot.autoconfigure.security.oauth2.resource.servlet.OAuth2ResourceServerAutoConfiguration, org.springframework.boot.autoconfigure.security.servlet.SecurityAutoConfiguration, org.springframework.boot.autoconfigure.security.servlet.SecurityFilterAutoConfiguration, org.springframework.boot.autoconfigure.security.servlet.UserDetailsServiceAutoConfiguration, org.springframework.boot.test.autoconfigure.web.servlet.MockMvcSecurityConfiguration, org.springframework.boot.test.autoconfigure.web.reactive.WebTestClientAutoConfiguration]], org.springframework.boot.test.context.filter.ExcludeFilterContextCustomizer@1ddf42dd, org.springframework.boot.test.json.DuplicateJsonObjectContextCustomizerFactory$DuplicateJsonObjectContextCustomizer@48d44b46, org.springframework.boot.test.mock.mockito.MockitoContextCustomizer@fda1e0a1, org.springframework.boot.test.context.SpringBootTestArgs@1, org.springframework.boot.test.context.SpringBootTestWebEnvironment@0], resourceBasePath = 'src/main/webapp', contextLoader = 'org.springframework.boot.test.context.SpringBootContextLoader', parent = [null]], attributes = map[[empty]]], class annotated with @DirtiesContext [false] with mode [null].

  .   ____          _            __ _ _
 /\\ / ___'_ __ _ _(_)_ __  __ _ \ \ \ \
( ( )\___ | '_ | '_| | '_ \/ _` | \ \ \ \
 \\/  ___)| |_)| | | | | || (_| |  ) ) ) )
  '  |____| .__|_| |_|_| |_\__, | / / / /
 =========|_|==============|___/=/_/_/_/
 :: Spring Boot ::                (v2.7.9)

2023-05-21 23:14:09.178  INFO 56099 --- [    Test worker] A.P.Controller.CommentControllerTest     : Starting CommentControllerTest using Java 11.0.18 on MacBook-Pro.local with PID 56099 (started by mac in /Users/mac/IdeaProjects/Plan2Go-post-server)
2023-05-21 23:14:09.181  INFO 56099 --- [    Test worker] A.P.Controller.CommentControllerTest     : No active profile set, falling back to 1 default profile: "default"
2023-05-21 23:14:13.142  INFO 56099 --- [    Test worker] o.s.b.t.m.w.SpringBootMockServletContext : Initializing Spring TestDispatcherServlet ''
2023-05-21 23:14:13.142  INFO 56099 --- [    Test worker] o.s.t.web.servlet.TestDispatcherServlet  : Initializing Servlet ''
2023-05-21 23:14:13.144  INFO 56099 --- [    Test worker] o.s.t.web.servlet.TestDispatcherServlet  : Completed initialization in 2 ms
2023-05-21 23:14:13.194  INFO 56099 --- [    Test worker] A.P.Controller.CommentControllerTest     : Started CommentControllerTest in 4.645 seconds (JVM running for 6.798)
]]></system-out>
  <system-err><![CDATA[]]></system-err>
</testsuite>
